app/build/intermediates/manifest_merge_blame_file/debug/manifest-merger-blame-debug-report.txt
1<?xml version="1.0" encoding="utf-8"?>
2<manifest xmlns:android="http://schemas.android.com/apk/res/android"
3    package="com.example.proyectogassapp"
4    android:versionCode="1"
5    android:versionName="1.0" >
6
7    <uses-sdk
8        android:minSdkVersion="16"
8-->src\main\AndroidManifest.xml
9        android:targetSdkVersion="29" />
9-->src\main\AndroidManifest.xml
10
11    <uses-permission android:name="android.permission.ACCESS_FINE_LOCATION" />
11-->src\main\AndroidManifest.xml:5:5-79
11-->src\main\AndroidManifest.xml:5:22-76
12    <uses-permission android:name="android.permission.ACCESS_COARSE_LOCATION" />
12-->src\main\AndroidManifest.xml:6:5-81
12-->src\main\AndroidManifest.xml:6:22-78
13    <uses-permission android:name="android.permission.INTERNET" />
13-->src\main\AndroidManifest.xml:7:5-67
13-->src\main\AndroidManifest.xml:7:22-64
14
15    <uses-feature
15-->[com.mapbox.mapboxsdk:mapbox-android-sdk:9.1.0-beta.2] AndroidManifest.xml:9:5-11:35
16        android:glEsVersion="0x00020000"
16-->[com.mapbox.mapboxsdk:mapbox-android-sdk:9.1.0-beta.2] AndroidManifest.xml:10:9-41
17        android:required="true" />
17-->[com.mapbox.mapboxsdk:mapbox-android-sdk:9.1.0-beta.2] AndroidManifest.xml:11:9-32
18    <uses-feature
18-->[com.mapbox.mapboxsdk:mapbox-android-sdk:9.1.0-beta.2] AndroidManifest.xml:12:5-14:36
19        android:name="android.hardware.wifi"
19-->[com.mapbox.mapboxsdk:mapbox-android-sdk:9.1.0-beta.2] AndroidManifest.xml:13:9-45
20        android:required="false" />
20-->[com.mapbox.mapboxsdk:mapbox-android-sdk:9.1.0-beta.2] AndroidManifest.xml:14:9-33
21
22    <uses-permission android:name="android.permission.ACCESS_NETWORK_STATE" />
22-->[com.mapbox.mapboxsdk:mapbox-android-sdk:9.1.0-beta.2] AndroidManifest.xml:17:5-79
22-->[com.mapbox.mapboxsdk:mapbox-android-sdk:9.1.0-beta.2] AndroidManifest.xml:17:22-76
23    <uses-permission android:name="android.permission.ACCESS_WIFI_STATE" />
23-->[com.mapbox.mapboxsdk:mapbox-android-sdk:9.1.0-beta.2] AndroidManifest.xml:18:5-76
23-->[com.mapbox.mapboxsdk:mapbox-android-sdk:9.1.0-beta.2] AndroidManifest.xml:18:22-73
24    <uses-permission android:name="android.permission.CAMERA" />
24-->[io.card:android-sdk:5.5.1] AndroidManifest.xml:9:5-65
24-->[io.card:android-sdk:5.5.1] AndroidManifest.xml:9:22-62
25    <uses-permission android:name="android.permission.VIBRATE" />
25-->[io.card:android-sdk:5.5.1] AndroidManifest.xml:10:5-66
25-->[io.card:android-sdk:5.5.1] AndroidManifest.xml:10:22-63
26
27    <uses-feature
27-->[io.card:android-sdk:5.5.1] AndroidManifest.xml:12:5-14:36
28        android:name="android.hardware.camera"
28-->[io.card:android-sdk:5.5.1] AndroidManifest.xml:13:9-47
29        android:required="false" />
29-->[io.card:android-sdk:5.5.1] AndroidManifest.xml:14:9-33
30    <uses-feature
30-->[io.card:android-sdk:5.5.1] AndroidManifest.xml:15:5-17:36
31        android:name="android.hardware.camera.autofocus"
31-->[io.card:android-sdk:5.5.1] AndroidManifest.xml:16:9-57
32        android:required="false" />
32-->[io.card:android-sdk:5.5.1] AndroidManifest.xml:17:9-33
33
34    <uses-permission android:name="android.permission.WAKE_LOCK" /> <!-- Required by older versions of Google Play services to create IID tokens -->
34-->[com.google.android.gms:play-services-measurement-api:17.4.1] AndroidManifest.xml:24:5-68
34-->[com.google.android.gms:play-services-measurement-api:17.4.1] AndroidManifest.xml:24:22-65
35    <uses-permission android:name="com.google.android.c2dm.permission.RECEIVE" />
35-->[com.google.firebase:firebase-iid:20.1.5] AndroidManifest.xml:26:5-82
35-->[com.google.firebase:firebase-iid:20.1.5] AndroidManifest.xml:26:22-79
36    <uses-permission android:name="com.google.android.finsky.permission.BIND_GET_INSTALL_REFERRER_SERVICE" />
36-->[com.google.android.gms:play-services-measurement:17.4.1] AndroidManifest.xml:26:5-110
36-->[com.google.android.gms:play-services-measurement:17.4.1] AndroidManifest.xml:26:22-107
37
38    <application
38-->src\main\AndroidManifest.xml:9:5-37:19
39        android:name="androidx.multidex.MultiDexApplication"
40        android:allowBackup="true"
40-->src\main\AndroidManifest.xml:10:9-35
41        android:appComponentFactory="androidx.core.app.CoreComponentFactory"
41-->[androidx.core:core:1.1.0] AndroidManifest.xml:24:18-86
42        android:debuggable="true"
43        android:icon="@mipmap/logo_app_round"
43-->src\main\AndroidManifest.xml:11:9-46
44        android:label="@string/app_name"
44-->src\main\AndroidManifest.xml:12:9-41
45        android:roundIcon="@mipmap/ic_launcher_round"
45-->src\main\AndroidManifest.xml:13:9-54
46        android:supportsRtl="true"
46-->src\main\AndroidManifest.xml:14:9-35
47        android:testOnly="true"
48        android:theme="@style/AppTheme" >
48-->src\main\AndroidManifest.xml:15:9-40
49        <activity android:name="com.example.proyectogassapp.RestablecerClaveActivity" />
49-->src\main\AndroidManifest.xml:16:9-71
49-->src\main\AndroidManifest.xml:16:19-59
50        <activity android:name="com.example.proyectogassapp.DetalleEstacionActivity" />
50-->src\main\AndroidManifest.xml:17:9-61
50-->src\main\AndroidManifest.xml:17:19-58
51        <activity android:name="com.example.proyectogassapp.EstacionesActivity" />
51-->src\main\AndroidManifest.xml:18:9-56
51-->src\main\AndroidManifest.xml:18:19-53
52        <activity android:name="com.example.proyectogassapp.AgregarTarjetaActivity" />
52-->src\main\AndroidManifest.xml:19:9-60
52-->src\main\AndroidManifest.xml:19:19-57
53        <activity android:name="com.example.proyectogassapp.MapaActivity" />
53-->src\main\AndroidManifest.xml:20:9-50
53-->src\main\AndroidManifest.xml:20:19-47
54
55        <meta-data
55-->src\main\AndroidManifest.xml:22:9-24:71
56            android:name="com.google.android.geo.API_KEY"
56-->src\main\AndroidManifest.xml:23:13-58
57            android:value="AIzaSyBHidwOYGqTAucK9oZVPkALgWK0Bur1CTU" />
57-->src\main\AndroidManifest.xml:24:13-68
58
59        <activity android:name="com.example.proyectogassapp.PerfilActivity" />
59-->src\main\AndroidManifest.xml:26:9-52
59-->src\main\AndroidManifest.xml:26:19-49
60        <activity android:name="com.example.proyectogassapp.TarjetasActivity" />
60-->src\main\AndroidManifest.xml:27:9-54
60-->src\main\AndroidManifest.xml:27:19-51
61        <activity android:name="com.example.proyectogassapp.RegistrarActivity" />
61-->src\main\AndroidManifest.xml:28:9-55
61-->src\main\AndroidManifest.xml:28:19-52
62        <activity android:name="com.example.proyectogassapp.LoginActivity" />
62-->src\main\AndroidManifest.xml:29:9-51
62-->src\main\AndroidManifest.xml:29:19-48
63        <activity android:name="com.example.proyectogassapp.MainActivity" >
63-->src\main\AndroidManifest.xml:30:9-36:20
63-->src\main\AndroidManifest.xml:30:19-47
64            <intent-filter>
64-->src\main\AndroidManifest.xml:31:13-35:29
65                <action android:name="android.intent.action.MAIN" />
65-->src\main\AndroidManifest.xml:32:17-69
65-->src\main\AndroidManifest.xml:32:25-66
66
67                <category android:name="android.intent.category.LAUNCHER" />
67-->src\main\AndroidManifest.xml:34:17-77
67-->src\main\AndroidManifest.xml:34:27-74
68            </intent-filter>
69        </activity>
70        <activity
70-->[com.mapbox.mapboxsdk:mapbox-android-plugin-places-v9:0.11.0] AndroidManifest.xml:10:9-14:68
71            android:name="com.mapbox.mapboxsdk.plugins.places.autocomplete.ui.PlaceAutocompleteActivity"
71-->[com.mapbox.mapboxsdk:mapbox-android-plugin-places-v9:0.11.0] AndroidManifest.xml:11:13-105
72            android:configChanges="keyboard|keyboardHidden|orientation|screenLayout|uiMode|screenSize|smallestScreenSize"
72-->[com.mapbox.mapboxsdk:mapbox-android-plugin-places-v9:0.11.0] AndroidManifest.xml:12:13-122
73            android:theme="@style/mapbox_plugins_translucent"
73-->[com.mapbox.mapboxsdk:mapbox-android-plugin-places-v9:0.11.0] AndroidManifest.xml:13:13-62
74            android:windowSoftInputMode="stateVisible|adjustPan" />
74-->[com.mapbox.mapboxsdk:mapbox-android-plugin-places-v9:0.11.0] AndroidManifest.xml:14:13-65
75        <activity
75-->[com.mapbox.mapboxsdk:mapbox-android-plugin-places-v9:0.11.0] AndroidManifest.xml:15:9-17:125
76            android:name="com.mapbox.mapboxsdk.plugins.places.picker.ui.PlacePickerActivity"
76-->[com.mapbox.mapboxsdk:mapbox-android-plugin-places-v9:0.11.0] AndroidManifest.xml:16:13-93
77            android:configChanges="keyboard|keyboardHidden|orientation|screenLayout|uiMode|screenSize|smallestScreenSize" />
77-->[com.mapbox.mapboxsdk:mapbox-android-plugin-places-v9:0.11.0] AndroidManifest.xml:17:13-122
78        <activity
78-->[io.card:android-sdk:5.5.1] AndroidManifest.xml:20:9-22:66
79            android:name="io.card.payment.CardIOActivity"
79-->[io.card:android-sdk:5.5.1] AndroidManifest.xml:21:13-58
80            android:configChanges="keyboardHidden|orientation" />
80-->[io.card:android-sdk:5.5.1] AndroidManifest.xml:22:13-63
81        <activity android:name="io.card.payment.DataEntryActivity" />
81-->[io.card:android-sdk:5.5.1] AndroidManifest.xml:23:9-70
81-->[io.card:android-sdk:5.5.1] AndroidManifest.xml:23:19-67
82        <activity
82-->[com.google.firebase:firebase-auth:19.3.1] AndroidManifest.xml:24:9-31:50
83            android:name="com.google.firebase.auth.internal.FederatedSignInActivity"
83-->[com.google.firebase:firebase-auth:19.3.1] AndroidManifest.xml:25:13-85
84            android:excludeFromRecents="true"
84-->[com.google.firebase:firebase-auth:19.3.1] AndroidManifest.xml:26:13-46
85            android:exported="true"
85-->[com.google.firebase:firebase-auth:19.3.1] AndroidManifest.xml:27:13-36
86            android:launchMode="singleTask"
86-->[com.google.firebase:firebase-auth:19.3.1] AndroidManifest.xml:28:13-44
87            android:permission="com.google.firebase.auth.api.gms.permission.LAUNCH_FEDERATED_SIGN_IN"
87-->[com.google.firebase:firebase-auth:19.3.1] AndroidManifest.xml:29:13-102
88            android:theme="@android:style/Theme.Translucent.NoTitleBar" />
88-->[com.google.firebase:firebase-auth:19.3.1] AndroidManifest.xml:30:13-72
89
90        <service
90-->[com.google.firebase:firebase-auth:19.3.1] AndroidManifest.xml:33:9-39:19
91            android:name="com.google.firebase.components.ComponentDiscoveryService"
91-->[com.google.firebase:firebase-auth:19.3.1] AndroidManifest.xml:34:13-84
92            android:directBootAware="true"
92-->[com.google.firebase:firebase-common:19.3.0] AndroidManifest.xml:34:13-43
93            android:exported="false" >
93-->[com.google.firebase:firebase-auth:19.3.1] AndroidManifest.xml:35:13-37
94            <meta-data
94-->[com.google.firebase:firebase-auth:19.3.1] AndroidManifest.xml:36:13-38:85
95                android:name="com.google.firebase.components:com.google.firebase.auth.FirebaseAuthRegistrar"
95-->[com.google.firebase:firebase-auth:19.3.1] AndroidManifest.xml:37:17-109
96                android:value="com.google.firebase.components.ComponentRegistrar" />
96-->[com.google.firebase:firebase-auth:19.3.1] AndroidManifest.xml:38:17-82
97            <meta-data
97-->[com.google.firebase:firebase-firestore:21.4.3] AndroidManifest.xml:20:13-22:85
98                android:name="com.google.firebase.components:com.google.firebase.firestore.FirestoreRegistrar"
98-->[com.google.firebase:firebase-firestore:21.4.3] AndroidManifest.xml:21:17-111
99                android:value="com.google.firebase.components.ComponentRegistrar" />
99-->[com.google.firebase:firebase-firestore:21.4.3] AndroidManifest.xml:22:17-82
100            <meta-data
100-->[com.google.firebase:firebase-database:19.3.0] AndroidManifest.xml:32:13-34:85
101                android:name="com.google.firebase.components:com.google.firebase.database.DatabaseRegistrar"
101-->[com.google.firebase:firebase-database:19.3.0] AndroidManifest.xml:33:17-109
102                android:value="com.google.firebase.components.ComponentRegistrar" />
102-->[com.google.firebase:firebase-database:19.3.0] AndroidManifest.xml:34:17-82
103            <meta-data
103-->[com.google.android.gms:play-services-measurement-api:17.4.1] AndroidManifest.xml:30:13-32:85
104                android:name="com.google.firebase.components:com.google.firebase.analytics.connector.internal.AnalyticsConnectorRegistrar"
104-->[com.google.android.gms:play-services-measurement-api:17.4.1] AndroidManifest.xml:31:17-139
105                android:value="com.google.firebase.components.ComponentRegistrar" />
105-->[com.google.android.gms:play-services-measurement-api:17.4.1] AndroidManifest.xml:32:17-82
106            <meta-data
106-->[com.google.firebase:firebase-iid:20.1.5] AndroidManifest.xml:32:13-34:85
107                android:name="com.google.firebase.components:com.google.firebase.iid.Registrar"
107-->[com.google.firebase:firebase-iid:20.1.5] AndroidManifest.xml:33:17-96
108                android:value="com.google.firebase.components.ComponentRegistrar" />
108-->[com.google.firebase:firebase-iid:20.1.5] AndroidManifest.xml:34:17-82
109            <meta-data
109-->[com.google.firebase:firebase-installations:16.2.1] AndroidManifest.xml:17:13-19:85
110                android:name="com.google.firebase.components:com.google.firebase.installations.FirebaseInstallationsRegistrar"
110-->[com.google.firebase:firebase-installations:16.2.1] AndroidManifest.xml:18:17-127
111                android:value="com.google.firebase.components.ComponentRegistrar" />
111-->[com.google.firebase:firebase-installations:16.2.1] AndroidManifest.xml:19:17-82
112        </service>
113
114        <receiver
114-->[com.google.firebase:firebase-iid:20.1.5] AndroidManifest.xml:37:9-44:20
115            android:name="com.google.firebase.iid.FirebaseInstanceIdReceiver"
115-->[com.google.firebase:firebase-iid:20.1.5] AndroidManifest.xml:38:13-78
116            android:exported="true"
116-->[com.google.firebase:firebase-iid:20.1.5] AndroidManifest.xml:39:13-36
117            android:permission="com.google.android.c2dm.permission.SEND" >
117-->[com.google.firebase:firebase-iid:20.1.5] AndroidManifest.xml:40:13-73
118            <intent-filter>
118-->[com.google.firebase:firebase-iid:20.1.5] AndroidManifest.xml:41:13-43:29
119                <action android:name="com.google.android.c2dm.intent.RECEIVE" />
119-->[com.google.firebase:firebase-iid:20.1.5] AndroidManifest.xml:42:17-81
119-->[com.google.firebase:firebase-iid:20.1.5] AndroidManifest.xml:42:25-78
120            </intent-filter>
121        </receiver>
122
123        <activity
123-->[com.google.android.gms:play-services-base:17.1.0] AndroidManifest.xml:23:9-26:75
124            android:name="com.google.android.gms.common.api.GoogleApiActivity"
124-->[com.google.android.gms:play-services-base:17.1.0] AndroidManifest.xml:24:13-79
125            android:exported="false"
125-->[com.google.android.gms:play-services-base:17.1.0] AndroidManifest.xml:25:13-37
126            android:theme="@android:style/Theme.Translucent.NoTitleBar" />
126-->[com.google.android.gms:play-services-base:17.1.0] AndroidManifest.xml:26:13-72
127
128        <provider
128-->[com.google.firebase:firebase-common:19.3.0] AndroidManifest.xml:26:9-30:39
129            android:name="com.google.firebase.provider.FirebaseInitProvider"
129-->[com.google.firebase:firebase-common:19.3.0] AndroidManifest.xml:27:13-77
130            android:authorities="com.example.proyectogassapp.firebaseinitprovider"
130-->[com.google.firebase:firebase-common:19.3.0] AndroidManifest.xml:28:13-72
131            android:exported="false"
131-->[com.google.firebase:firebase-common:19.3.0] AndroidManifest.xml:29:13-37
132            android:initOrder="100" />
132-->[com.google.firebase:firebase-common:19.3.0] AndroidManifest.xml:30:13-36
133
134        <receiver
134-->[com.google.android.gms:play-services-measurement:17.4.1] AndroidManifest.xml:29:9-33:20
135            android:name="com.google.android.gms.measurement.AppMeasurementReceiver"
135-->[com.google.android.gms:play-services-measurement:17.4.1] AndroidManifest.xml:30:13-85
136            android:enabled="true"
136-->[com.google.android.gms:play-services-measurement:17.4.1] AndroidManifest.xml:31:13-35
137            android:exported="false" >
137-->[com.google.android.gms:play-services-measurement:17.4.1] AndroidManifest.xml:32:13-37
138        </receiver>
139
140        <service
140-->[com.google.android.gms:play-services-measurement:17.4.1] AndroidManifest.xml:35:9-38:40
141            android:name="com.google.android.gms.measurement.AppMeasurementService"
141-->[com.google.android.gms:play-services-measurement:17.4.1] AndroidManifest.xml:36:13-84
142            android:enabled="true"
142-->[com.google.android.gms:play-services-measurement:17.4.1] AndroidManifest.xml:37:13-35
143            android:exported="false" />
143-->[com.google.android.gms:play-services-measurement:17.4.1] AndroidManifest.xml:38:13-37
144        <service
144-->[com.google.android.gms:play-services-measurement:17.4.1] AndroidManifest.xml:39:9-43:72
145            android:name="com.google.android.gms.measurement.AppMeasurementJobService"
145-->[com.google.android.gms:play-services-measurement:17.4.1] AndroidManifest.xml:40:13-87
146            android:enabled="true"
146-->[com.google.android.gms:play-services-measurement:17.4.1] AndroidManifest.xml:41:13-35
147            android:exported="false"
147-->[com.google.android.gms:play-services-measurement:17.4.1] AndroidManifest.xml:42:13-37
148            android:permission="android.permission.BIND_JOB_SERVICE" />
148-->[com.google.android.gms:play-services-measurement:17.4.1] AndroidManifest.xml:43:13-69
149
150        <meta-data
150-->[com.google.android.gms:play-services-basement:17.0.0] AndroidManifest.xml:23:9-25:69
151            android:name="com.google.android.gms.version"
151-->[com.google.android.gms:play-services-basement:17.0.0] AndroidManifest.xml:24:13-58
152            android:value="@integer/google_play_services_version" />
152-->[com.google.android.gms:play-services-basement:17.0.0] AndroidManifest.xml:25:13-66
153
154        <provider
154-->[com.mapbox.mapboxsdk:mapbox-android-telemetry:5.0.0] AndroidManifest.xml:18:9-22:39
155            android:name="com.mapbox.android.telemetry.provider.MapboxTelemetryInitProvider"
155-->[com.mapbox.mapboxsdk:mapbox-android-telemetry:5.0.0] AndroidManifest.xml:19:13-93
156            android:authorities="com.example.proyectogassapp.mapboxtelemetryinitprovider"
156-->[com.mapbox.mapboxsdk:mapbox-android-telemetry:5.0.0] AndroidManifest.xml:20:13-79
157            android:exported="false"
157-->[com.mapbox.mapboxsdk:mapbox-android-telemetry:5.0.0] AndroidManifest.xml:21:13-37
158            android:initOrder="100" />
158-->[com.mapbox.mapboxsdk:mapbox-android-telemetry:5.0.0] AndroidManifest.xml:22:13-36
159
160        <service
160-->[com.mapbox.mapboxsdk:mapbox-android-telemetry:5.0.0] AndroidManifest.xml:24:9-26:72
161            android:name="com.mapbox.android.telemetry.crash.CrashReporterJobIntentService"
161-->[com.mapbox.mapboxsdk:mapbox-android-telemetry:5.0.0] AndroidManifest.xml:25:13-92
162            android:permission="android.permission.BIND_JOB_SERVICE" />
162-->[com.mapbox.mapboxsdk:mapbox-android-telemetry:5.0.0] AndroidManifest.xml:26:13-69
163
164        <provider
164-->[androidx.lifecycle:lifecycle-process:2.0.0] AndroidManifest.xml:23:9-27:43
165            android:name="androidx.lifecycle.ProcessLifecycleOwnerInitializer"
165-->[androidx.lifecycle:lifecycle-process:2.0.0] AndroidManifest.xml:24:13-79
166            android:authorities="com.example.proyectogassapp.lifecycle-process"
166-->[androidx.lifecycle:lifecycle-process:2.0.0] AndroidManifest.xml:25:13-69
167            android:exported="false"
167-->[androidx.lifecycle:lifecycle-process:2.0.0] AndroidManifest.xml:26:13-37
168            android:multiprocess="true" />
168-->[androidx.lifecycle:lifecycle-process:2.0.0] AndroidManifest.xml:27:13-40
169    </application>
170
171</manifest>